<?xml version="1.0" encoding="UTF-8"?>
<testsuite name="com.pokemon.engine.controller.PokemonControllerTest" tests="2" skipped="0" failures="0" errors="0" timestamp="2026-06-25T00:58:03.394Z" hostname="Ujjwals-MacBook" time="2.125">
  <properties/>
  <testcase name="listPokemons_shouldReturnOkResponse()" classname="com.pokemon.engine.controller.PokemonControllerTest" time="2.061"/>
  <testcase name="getPokemon_shouldReturnOkResponse()" classname="com.pokemon.engine.controller.PokemonControllerTest" time="0.024"/>
  <system-out><![CDATA[]]></system-out>
  <system-err><![CDATA[]]></system-err>
</testsuite>
